Performing C SOURCE FILE Test CMAKE_HAVE_LIBC_PTHREAD failed with the following output:
Change Dir: /home/lukas/a1_sim_py/build/CMakeFiles/CMakeTmp

Run Build Command(s):/usr/bin/make cmTC_54d8f/fast && /usr/bin/make -f CMakeFiles/cmTC_54d8f.dir/build.make CMakeFiles/cmTC_54d8f.dir/build
make[1]: Entering directory '/home/lukas/a1_sim_py/build/CMakeFiles/CMakeTmp'
Building C object CMakeFiles/cmTC_54d8f.dir/src.c.o
/usr/bin/cc   -DCMAKE_HAVE_LIBC_PTHREAD   -o CMakeFiles/cmTC_54d8f.dir/src.c.o   -c /home/lukas/a1_sim_py/build/CMakeFiles/CMakeTmp/src.c
Linking C executable cmTC_54d8f
/usr/bin/cmake -E cmake_link_script CMakeFiles/cmTC_54d8f.dir/link.txt --verbose=1
/usr/bin/cc  -DCMAKE_HAVE_LIBC_PTHREAD    -rdynamic CMakeFiles/cmTC_54d8f.dir/src.c.o  -o cmTC_54d8f 
/usr/bin/ld: CMakeFiles/cmTC_54d8f.dir/src.c.o: in function `main':
src.c:(.text+0x46): undefined reference to `pthread_create'
/usr/bin/ld: src.c:(.text+0x52): undefined reference to `pthread_detach'
/usr/bin/ld: src.c:(.text+0x63): undefined reference to `pthread_join'
collect2: error: ld returned 1 exit status
make[1]: *** [CMakeFiles/cmTC_54d8f.dir/build.make:87: cmTC_54d8f] Error 1
make[1]: Leaving directory '/home/lukas/a1_sim_py/build/CMakeFiles/CMakeTmp'
make: *** [Makefile:121: cmTC_54d8f/fast] Error 2


Source file was:
#include <pthread.h>

void* test_func(void* data)
{
  return data;
}

int main(void)
{
  pthread_t thread;
  pthread_create(&thread, NULL, test_func, NULL);
  pthread_detach(thread);
  pthread_join(thread, NULL);
  pthread_atfork(NULL, NULL, NULL);
  pthread_exit(NULL);

  return 0;
}

Determining if the function pthread_create exists in the pthreads failed with the following output:
Change Dir: /home/lukas/a1_sim_py/build/CMakeFiles/CMakeTmp

Run Build Command(s):/usr/bin/make cmTC_99e33/fast && /usr/bin/make -f CMakeFiles/cmTC_99e33.dir/build.make CMakeFiles/cmTC_99e33.dir/build
make[1]: Entering directory '/home/lukas/a1_sim_py/build/CMakeFiles/CMakeTmp'
Building C object CMakeFiles/cmTC_99e33.dir/CheckFunctionExists.c.o
/usr/bin/cc   -DCHECK_FUNCTION_EXISTS=pthread_create   -o CMakeFiles/cmTC_99e33.dir/CheckFunctionExists.c.o   -c /usr/share/cmake-3.16/Modules/CheckFunctionExists.c
Linking C executable cmTC_99e33
/usr/bin/cmake -E cmake_link_script CMakeFiles/cmTC_99e33.dir/link.txt --verbose=1
/usr/bin/cc  -DCHECK_FUNCTION_EXISTS=pthread_create    -rdynamic CMakeFiles/cmTC_99e33.dir/CheckFunctionExists.c.o  -o cmTC_99e33  -lpthreads 
/usr/bin/ld: cannot find -lpthreads
collect2: error: ld returned 1 exit status
make[1]: *** [CMakeFiles/cmTC_99e33.dir/build.make:87: cmTC_99e33] Error 1
make[1]: Leaving directory '/home/lukas/a1_sim_py/build/CMakeFiles/CMakeTmp'
make: *** [Makefile:121: cmTC_99e33/fast] Error 2



Performing C SOURCE FILE Test CMAKE_HAVE_LIBC_PTHREAD failed with the following output:
Change Dir: /home/lukas/robotik-projekt-gruppe-1/build/CMakeFiles/CMakeTmp

Run Build Command(s):/usr/bin/make cmTC_6c44a/fast && /usr/bin/make -f CMakeFiles/cmTC_6c44a.dir/build.make CMakeFiles/cmTC_6c44a.dir/build
make[1]: Entering directory '/home/lukas/robotik-projekt-gruppe-1/build/CMakeFiles/CMakeTmp'
Building C object CMakeFiles/cmTC_6c44a.dir/src.c.o
/usr/bin/cc   -DCMAKE_HAVE_LIBC_PTHREAD   -o CMakeFiles/cmTC_6c44a.dir/src.c.o   -c /home/lukas/robotik-projekt-gruppe-1/build/CMakeFiles/CMakeTmp/src.c
Linking C executable cmTC_6c44a
/usr/bin/cmake -E cmake_link_script CMakeFiles/cmTC_6c44a.dir/link.txt --verbose=1
/usr/bin/cc  -DCMAKE_HAVE_LIBC_PTHREAD    -rdynamic CMakeFiles/cmTC_6c44a.dir/src.c.o  -o cmTC_6c44a 
/usr/bin/ld: CMakeFiles/cmTC_6c44a.dir/src.c.o: in function `main':
src.c:(.text+0x46): undefined reference to `pthread_create'
/usr/bin/ld: src.c:(.text+0x52): undefined reference to `pthread_detach'
/usr/bin/ld: src.c:(.text+0x63): undefined reference to `pthread_join'
collect2: error: ld returned 1 exit status
make[1]: *** [CMakeFiles/cmTC_6c44a.dir/build.make:87: cmTC_6c44a] Error 1
make[1]: Leaving directory '/home/lukas/robotik-projekt-gruppe-1/build/CMakeFiles/CMakeTmp'
make: *** [Makefile:121: cmTC_6c44a/fast] Error 2


Source file was:
#include <pthread.h>

void* test_func(void* data)
{
  return data;
}

int main(void)
{
  pthread_t thread;
  pthread_create(&thread, NULL, test_func, NULL);
  pthread_detach(thread);
  pthread_join(thread, NULL);
  pthread_atfork(NULL, NULL, NULL);
  pthread_exit(NULL);

  return 0;
}

Determining if the function pthread_create exists in the pthreads failed with the following output:
Change Dir: /home/lukas/robotik-projekt-gruppe-1/build/CMakeFiles/CMakeTmp

Run Build Command(s):/usr/bin/make cmTC_3847d/fast && /usr/bin/make -f CMakeFiles/cmTC_3847d.dir/build.make CMakeFiles/cmTC_3847d.dir/build
make[1]: Entering directory '/home/lukas/robotik-projekt-gruppe-1/build/CMakeFiles/CMakeTmp'
Building C object CMakeFiles/cmTC_3847d.dir/CheckFunctionExists.c.o
/usr/bin/cc   -DCHECK_FUNCTION_EXISTS=pthread_create   -o CMakeFiles/cmTC_3847d.dir/CheckFunctionExists.c.o   -c /usr/share/cmake-3.16/Modules/CheckFunctionExists.c
Linking C executable cmTC_3847d
/usr/bin/cmake -E cmake_link_script CMakeFiles/cmTC_3847d.dir/link.txt --verbose=1
/usr/bin/cc  -DCHECK_FUNCTION_EXISTS=pthread_create    -rdynamic CMakeFiles/cmTC_3847d.dir/CheckFunctionExists.c.o  -o cmTC_3847d  -lpthreads 
/usr/bin/ld: cannot find -lpthreads
collect2: error: ld returned 1 exit status
make[1]: *** [CMakeFiles/cmTC_3847d.dir/build.make:87: cmTC_3847d] Error 1
make[1]: Leaving directory '/home/lukas/robotik-projekt-gruppe-1/build/CMakeFiles/CMakeTmp'
make: *** [Makefile:121: cmTC_3847d/fast] Error 2



